#
# There is insufficient memory for the Java Runtime Environment to continue.
# Native memory allocation (mmap) failed to map 536870912 bytes for G1 virtual space
# Possible reasons:
#   The system is out of physical RAM or swap space
#   The process is running with CompressedOops enabled, and the Java Heap may be blocking the growth of the native heap
# Possible solutions:
#   Reduce memory load on the system
#   Increase physical memory or swap space
#   Check if swap backing store is full
#   Decrease Java heap size (-Xmx/-Xms)
#   Decrease number of Java threads
#   Decrease Java thread stack sizes (-Xss)
#   Set larger code cache with -XX:ReservedCodeCacheSize=
#   JVM is running with Zero Based Compressed Oops mode in which the Java heap is
#     placed in the first 32GB address space. The Java Heap base address is the
#     maximum limit for the native heap growth. Please use -XX:HeapBaseMinAddress
#     to set the Java Heap base and to place the Java Heap above 32GB virtual address.
# This output file may be truncated or incomplete.
#
#  Out of Memory Error (os_windows.cpp:3600), pid=25316, tid=29144
#
# JRE version:  (21.0.2+13) (build )
# Java VM: OpenJDK 64-Bit Server VM (21.0.2+13-58, mixed mode, tiered, compressed oops, compressed class ptrs, g1 gc, windows-amd64)
# No core dump will be written. Minidumps are not enabled by default on client versions of Windows
#

---------------  S U M M A R Y ------------

Command Line: -javaagent:C:\Users\kestu\AppData\Local\JetBrains\IntelliJIdea2025.3\captureAgent\debugger-agent.jar=file:///C:/Users/kestu/AppData/Local/Temp/capture15660599249028481545.props -ea -Didea.test.cyclic.buffer.size=1048576 -javaagent:D:\Program Files\JetBrains\IntelliJ IDEA 2025.3\lib\idea_rt.jar=55153 -Dkotlinx.coroutines.debug.enable.creation.stack.trace=false -Ddebugger.agent.enable.coroutines=true -Dkotlinx.coroutines.debug.enable.flows.stack.trace=true -Dkotlinx.coroutines.debug.enable.mutable.state.flows.stack.trace=true -Ddebugger.async.stack.trace.for.all.threads=true --patch-module=lt.viko.eif.kskrebe.rsa=C:/Users/kestu/Documents/VIKO/2026-pavasaris/security_Zailskas/rsa/target/test-classes --add-reads=lt.viko.eif.kskrebe.rsa=ALL-UNNAMED --add-opens=lt.viko.eif.kskrebe.rsa/lt.viko.eif.kskrebe.rsa.service=ALL-UNNAMED --add-modules=lt.viko.eif.kskrebe.rsa -Dfile.encoding=UTF-8 -Dsun.stdout.encoding=UTF-8 -Dsun.stderr.encoding=UTF-8 --module-path=C:\Users\kestu\Documents\VIKO\2026-pavasaris\security_Zailskas\rsa\target\classes;C:\Users\kestu\.m2\repository\org\openjfx\javafx-graphics\21.0.2\javafx-graphics-21.0.2-win.jar;C:\Users\kestu\.m2\repository\org\openjfx\javafx-fxml\21.0.2\javafx-fxml-21.0.2-win.jar;C:\Users\kestu\.m2\repository\org\openjfx\javafx-controls\21.0.2\javafx-controls-21.0.2-win.jar;C:\Users\kestu\.m2\repository\org\openjfx\javafx-base\21.0.2\javafx-base-21.0.2-win.jar com.intellij.rt.junit.JUnitStarter -ideVersion5 -junit5 lt.viko.eif.kskrebe.rsa.service.MathServiceTest

Host: Intel(R) Core(TM) i7-6700K CPU @ 4.00GHz, 8 cores, 31G,  Windows 10 , 64 bit Build 19041 (10.0.19041.6807)
Time: Fri Mar 13 10:17:16 2026 FLE Standard Time elapsed time: 0.016998 seconds (0d 0h 0m 0s)

---------------  T H R E A D  ---------------

Current thread (0x000002279cd2a420):  JavaThread "Unknown thread" [_thread_in_vm, id=29144, stack(0x000000cc65600000,0x000000cc65700000) (1024K)]

Stack: [0x000000cc65600000,0x000000cc65700000]
Native frames: (J=compiled Java code, j=interpreted, Vv=VM code, C=native code)
V  [jvm.dll+0x6cade9]
V  [jvm.dll+0x8569c1]
V  [jvm.dll+0x858d2e]
V  [jvm.dll+0x859413]
V  [jvm.dll+0x280e56]
V  [jvm.dll+0x6c74d5]
V  [jvm.dll+0x6bbeca]
V  [jvm.dll+0x355bca]
V  [jvm.dll+0x35d816]
V  [jvm.dll+0x3ae67e]
V  [jvm.dll+0x3ae928]
V  [jvm.dll+0x3295dc]
V  [jvm.dll+0x32a16b]
V  [jvm.dll+0x81efa9]
V  [jvm.dll+0x3bba01]
V  [jvm.dll+0x807928]
V  [jvm.dll+0x44f50e]
V  [jvm.dll+0x450e11]
C  [jli.dll+0x52a3]
C  [ucrtbase.dll+0x21bb2]
C  [KERNEL32.DLL+0x17374]
C  [ntdll.dll+0x4cc91]


---------------  P R O C E S S  ---------------

Threads class SMR info:
_java_thread_list=0x00007fffaecdbb88, length=0, elements={
}

Java Threads: ( => current thread )
Total: 0

Other Threads:
  0x000002279ef60080 WorkerThread "GC Thread#0"                     [id=10440, stack(0x000000cc65700000,0x000000cc65800000) (1024K)]
  0x000002279ef710b0 ConcurrentGCThread "G1 Main Marker"            [id=13748, stack(0x000000cc65800000,0x000000cc65900000) (1024K)]
  0x000002279ef72260 WorkerThread "G1 Conc#0"                       [id=34492, stack(0x000000cc65900000,0x000000cc65a00000) (1024K)]

[error occurred during error reporting (printing all threads), id 0xc0000005, EXCEPTION_ACCESS_VIOLATION (0xc0000005) at pc=0x00007fffae44c6a7]
VM state: not at safepoint (not fully initialized)

VM Mutex/Monitor currently owned by a thread:  ([mutex/lock_event])
[0x00007fffaed4ce68] Heap_lock - owner thread: 0x000002279cd2a420

Heap address: 0x00000005c0c00000, size: 8180 MB, Compressed Oops mode: Zero based, Oop shift amount: 3

CDS archive(s) not mapped
Narrow klass base: 0x0000000000000000, Narrow klass shift: 0, Narrow klass range: 0x0

GC Precious Log:
 CardTable entry size: 512
 Card Set container configuration: InlinePtr #cards 4 size 8 Array Of Cards #cards 32 size 80 Howl #buckets 8 coarsen threshold 7372 Howl Bitmap #cards 1024 size 144 coarsen threshold 921 Card regions per heap region 1 cards per card region 8192

Heap:
 garbage-first heap   total 0K, used 0K [0x00000005c0c00000, 0x00000007c0000000)
  region size 4096K, 0 young (0K), 0 survivors (0K)

[error occurred during error reporting (printing heap information), id 0xc0000005, EXCEPTION_ACCESS_VIOLATION (0xc0000005) at pc=0x00007fffae8339f9]
GC Heap History (0 events):
No events

Dll operation events (2 events):
Event: 0.011 Loaded shared library C:\Users\kestu\.jdks\openjdk-21.0.2\bin\java.dll
Event: 0.012 Loaded shared library C:\Users\kestu\.jdks\openjdk-21.0.2\bin\zip.dll

Deoptimization events (0 events):
No events

Classes loaded (0 events):
No events

Classes unloaded (0 events):
No events

Classes redefined (0 events):
No events

Internal exceptions (0 events):
No events

ZGC Phase Switch (0 events):
No events

VM Operations (0 events):
No events

Events (0 events):
No events


Dynamic libraries:
0x00007ff710920000 - 0x00007ff71092e000 	C:\Users\kestu\.jdks\openjdk-21.0.2\bin\java.exe
0x00007fffeb7f0000 - 0x00007fffeb9e8000 	C:\Windows\SYSTEM32\ntdll.dll
0x00007fffe9900000 - 0x00007fffe99c2000 	C:\Windows\System32\KERNEL32.DLL
0x00007fffe91a0000 - 0x00007fffe9497000 	C:\Windows\System32\KERNELBASE.dll
0x00007fffe9570000 - 0x00007fffe9670000 	C:\Windows\System32\ucrtbase.dll
0x00007fffc1290000 - 0x00007fffc12ab000 	C:\Users\kestu\.jdks\openjdk-21.0.2\bin\VCRUNTIME140.dll
0x00007fffc12b0000 - 0x00007fffc12c8000 	C:\Users\kestu\.jdks\openjdk-21.0.2\bin\jli.dll
0x00007fffea360000 - 0x00007fffea4fd000 	C:\Windows\System32\USER32.dll
0x00007fffe8f00000 - 0x00007fffe8f22000 	C:\Windows\System32\win32u.dll
0x00007fffd1a60000 - 0x00007fffd1cfb000 	C:\Windows\WinSxS\amd64_microsoft.windows.common-controls_6595b64144ccf1df_6.0.19041.6926_none_60b5a53971f8f7e6\COMCTL32.dll
0x00007fffea2c0000 - 0x00007fffea35e000 	C:\Windows\System32\msvcrt.dll
0x00007fffe98d0000 - 0x00007fffe98fb000 	C:\Windows\System32\GDI32.dll
0x00007fffe8f30000 - 0x00007fffe904a000 	C:\Windows\System32\gdi32full.dll
0x00007fffe9050000 - 0x00007fffe90ed000 	C:\Windows\System32\msvcp_win.dll
0x00007fffeb0b0000 - 0x00007fffeb0df000 	C:\Windows\System32\IMM32.DLL
0x00007fffdea90000 - 0x00007fffdea9c000 	C:\Users\kestu\.jdks\openjdk-21.0.2\bin\vcruntime140_1.dll
0x00007fffbb9a0000 - 0x00007fffbba2e000 	C:\Users\kestu\.jdks\openjdk-21.0.2\bin\msvcp140.dll
0x00007fffae110000 - 0x00007fffaee27000 	C:\Users\kestu\.jdks\openjdk-21.0.2\bin\server\jvm.dll
0x00007fffe9810000 - 0x00007fffe98c1000 	C:\Windows\System32\ADVAPI32.dll
0x00007fffead40000 - 0x00007fffeaddf000 	C:\Windows\System32\sechost.dll
0x00007fffeb0e0000 - 0x00007fffeb206000 	C:\Windows\System32\RPCRT4.dll
0x00007fffe97d0000 - 0x00007fffe97f7000 	C:\Windows\System32\bcrypt.dll
0x00007fffea1a0000 - 0x00007fffea20b000 	C:\Windows\System32\WS2_32.dll
0x00007fffe83d0000 - 0x00007fffe841b000 	C:\Windows\SYSTEM32\POWRPROF.dll
0x00007fffd9150000 - 0x00007fffd9177000 	C:\Windows\SYSTEM32\WINMM.dll
0x00007fffe2730000 - 0x00007fffe273a000 	C:\Windows\SYSTEM32\VERSION.dll
0x00007fffe8240000 - 0x00007fffe8252000 	C:\Windows\SYSTEM32\UMPDC.dll
0x00007fffe6d10000 - 0x00007fffe6d22000 	C:\Windows\SYSTEM32\kernel.appcore.dll
0x00007fffde920000 - 0x00007fffde92a000 	C:\Users\kestu\.jdks\openjdk-21.0.2\bin\jimage.dll
0x00007fffd87f0000 - 0x00007fffd89f1000 	C:\Windows\SYSTEM32\DBGHELP.DLL
0x00007fffcfcd0000 - 0x00007fffcfd04000 	C:\Windows\SYSTEM32\dbgcore.DLL
0x00007fffe8e70000 - 0x00007fffe8ef2000 	C:\Windows\System32\bcryptPrimitives.dll
0x00007fffc33f0000 - 0x00007fffc33ff000 	C:\Users\kestu\.jdks\openjdk-21.0.2\bin\instrument.dll
0x00007fffc1270000 - 0x00007fffc128f000 	C:\Users\kestu\.jdks\openjdk-21.0.2\bin\java.dll
0x00007fffc0710000 - 0x00007fffc0728000 	C:\Users\kestu\.jdks\openjdk-21.0.2\bin\zip.dll

dbghelp: loaded successfully - version: 4.0.5 - missing functions: none
symbol engine: initialized successfully - sym options: 0x614 - pdb path: .;C:\Users\kestu\.jdks\openjdk-21.0.2\bin;C:\Windows\SYSTEM32;C:\Windows\WinSxS\amd64_microsoft.windows.common-controls_6595b64144ccf1df_6.0.19041.6926_none_60b5a53971f8f7e6;C:\Users\kestu\.jdks\openjdk-21.0.2\bin\server

VM Arguments:
jvm_args: -javaagent:C:\Users\kestu\AppData\Local\JetBrains\IntelliJIdea2025.3\captureAgent\debugger-agent.jar=file:///C:/Users/kestu/AppData/Local/Temp/capture15660599249028481545.props -ea -Didea.test.cyclic.buffer.size=1048576 -javaagent:D:\Program Files\JetBrains\IntelliJ IDEA 2025.3\lib\idea_rt.jar=55153 -Dkotlinx.coroutines.debug.enable.creation.stack.trace=false -Ddebugger.agent.enable.coroutines=true -Dkotlinx.coroutines.debug.enable.flows.stack.trace=true -Dkotlinx.coroutines.debug.enable.mutable.state.flows.stack.trace=true -Ddebugger.async.stack.trace.for.all.threads=true --patch-module=lt.viko.eif.kskrebe.rsa=C:/Users/kestu/Documents/VIKO/2026-pavasaris/security_Zailskas/rsa/target/test-classes --add-reads=lt.viko.eif.kskrebe.rsa=ALL-UNNAMED --add-opens=lt.viko.eif.kskrebe.rsa/lt.viko.eif.kskrebe.rsa.service=ALL-UNNAMED --add-modules=lt.viko.eif.kskrebe.rsa -Dfile.encoding=UTF-8 -Dsun.stdout.encoding=UTF-8 -Dsun.stderr.encoding=UTF-8 --module-path=C:\Users\kestu\Documents\VIKO\2026-pavasaris\security_Zailskas\rsa\target\classes;C:\Users\kestu\.m2\repository\org\openjfx\javafx-graphics\21.0.2\javafx-graphics-21.0.2-win.jar;C:\Users\kestu\.m2\repository\org\openjfx\javafx-fxml\21.0.2\javafx-fxml-21.0.2-win.jar;C:\Users\kestu\.m2\repository\org\openjfx\javafx-controls\21.0.2\javafx-controls-21.0.2-win.jar;C:\Users\kestu\.m2\repository\org\openjfx\javafx-base\21.0.2\javafx-base-21.0.2-win.jar 
java_command: com.intellij.rt.junit.JUnitStarter -ideVersion5 -junit5 lt.viko.eif.kskrebe.rsa.service.MathServiceTest
java_class_path (initial): C:\Users\kestu\.m2\repository\org\junit\platform\junit-platform-launcher\1.12.1\junit-platform-launcher-1.12.1.jar;D:\Program Files\JetBrains\IntelliJ IDEA 2025.3\lib\idea_rt.jar;D:\Program Files\JetBrains\IntelliJ IDEA 2025.3\plugins\junit\lib\junit6-rt.jar;D:\Program Files\JetBrains\IntelliJ IDEA 2025.3\plugins\junit\lib\junit5-rt.jar;D:\Program Files\JetBrains\IntelliJ IDEA 2025.3\plugins\junit\lib\junit-rt.jar;C:\Users\kestu\Documents\VIKO\2026-pavasaris\security_Zailskas\rsa\target\test-classes;C:\Users\kestu\.m2\repository\org\openjfx\javafx-controls\21.0.2\javafx-controls-21.0.2.jar;C:\Users\kestu\.m2\repository\org\openjfx\javafx-graphics\21.0.2\javafx-graphics-21.0.2.jar;C:\Users\kestu\.m2\repository\org\openjfx\javafx-base\21.0.2\javafx-base-21.0.2.jar;C:\Users\kestu\.m2\repository\org\openjfx\javafx-fxml\21.0.2\javafx-fxml-21.0.2.jar;C:\Users\kestu\.m2\repository\org\junit\jupiter\junit-jupiter-api\5.12.1\junit-jupiter-api-5.12.1.jar;C:\Users\kestu\.m2\repository\org\opentest4j\opentest4j\1.3.0\opentest4j-1.3.0.jar;C:\Users\kestu\.m2\repository\org\junit\platform\junit-platform-commons\1.12.1\junit-platform-commons-1.12.1.jar;C:\Users\kestu\.m2\repository\org\apiguardian\apiguardian-api\1.1.2\apiguardian-api-1.1.2.jar;C:\Users\kestu\.m2\repository\org\junit\jupiter\junit-jupiter-engine\5.12.1\junit-jupiter-engine-5.12.1.jar;C:\Users\kestu\.m2\repository\org\junit\platform\junit-platform-engine\1.12.1\junit-platform-engine-1.12.1.jar
Launcher Type: SUN_STANDARD

[Global flags]
     intx CICompilerCount                          = 4                                         {product} {ergonomic}
     uint ConcGCThreads                            = 2                                         {product} {ergonomic}
     uint G1ConcRefinementThreads                  = 8                                         {product} {ergonomic}
   size_t G1HeapRegionSize                         = 4194304                                   {product} {ergonomic}
    uintx GCDrainStackTargetSize                   = 64                                        {product} {ergonomic}
   size_t InitialHeapSize                          = 536870912                                 {product} {ergonomic}
   size_t MarkStackSize                            = 4194304                                   {product} {ergonomic}
   size_t MaxHeapSize                              = 8577351680                                {product} {ergonomic}
   size_t MinHeapDeltaBytes                        = 4194304                                   {product} {ergonomic}
   size_t MinHeapSize                              = 8388608                                   {product} {ergonomic}
    uintx NonNMethodCodeHeapSize                   = 5839372                                {pd product} {ergonomic}
    uintx NonProfiledCodeHeapSize                  = 122909434                              {pd product} {ergonomic}
    uintx ProfiledCodeHeapSize                     = 122909434                              {pd product} {ergonomic}
    uintx ReservedCodeCacheSize                    = 251658240                              {pd product} {ergonomic}
     bool SegmentedCodeCache                       = true                                      {product} {ergonomic}
   size_t SoftMaxHeapSize                          = 8577351680                             {manageable} {ergonomic}
     bool UseCompressedOops                        = true                           {product lp64_product} {ergonomic}
     bool UseG1GC                                  = true                                      {product} {ergonomic}
     bool UseLargePagesIndividualAllocation        = false                                  {pd product} {ergonomic}

Logging:
Log output configuration:
 #0: stdout all=warning uptime,level,tags foldmultilines=false
 #1: stderr all=off uptime,level,tags foldmultilines=false

Environment Variables:
PATH=C:\Program Files\Eclipse Adoptium\jdk-21.0.10.7-hotspot\bin;C:\Program Files\Common Files\Oracle\Java\javapath;C:\Python313\Scripts\;C:\Python313\;C:\Program Files (x86)\Intel\Intel(R) Management Engine Components\iCLS\;C:\Program Files\Intel\Intel(R) Management Engine Components\iCLS\;C:\Windows\system32;C:\Windows;C:\Windows\System32\Wbem;C:\Windows\System32\WindowsPowerShell\v1.0\;C:\Windows\System32\OpenSSH\;C:\src\flutter\bin;C:\Program Files\Microsoft SQL Server\150\Tools\Binn\;C:\Program Files\Microsoft SQL Server\Client SDK\ODBC\170\Tools\Binn\;C:\Program Files\dotnet\;C:\Program Files (x86)\Windows Kits\10\Windows Performance Toolkit\;D:\xampp\php;C:\ProgramData\ComposerSetup\bin;C:\Program Files\SafeNet\Authentication\SAC\x64;C:\Program Files\SafeNet\Authentication\SAC\x32;C:\Program Files\Git\cmd;C:\Program Files (x86)\Intel\Intel(R) Management Engine Components\DAL;C:\Program Files\Intel\Intel(R) Management Engine Components\DAL;C:\Program Files (x86)\Intel\Intel(R) Management Engine Components\IPT;C:\Program Files\Intel\Intel(R) Management Engine Components\IPT;C:\msys64\mingw64\bin;C:\ProgramData\chocolatey\bin;C:\Users\kestu\AppData\Local\nvm;C:\nvm4w\nodejs;D:\programming\Maven\apache-maven-3.9.9\bin;C:\Program Files (x86)\Microsoft SQL Server\160\Tools\Binn\;C:\Program Files\Microsoft SQL Server\160\Tools\Binn\;C:\Program Files\Microsoft SQL Server\160\DTS\Binn\;C:\Program Files (x86)\Microsoft SQL Server\160\DTS\Binn\;C:\Program Files (x86)\Bitvise SSH Client;C:\Program Files\MySQL\MySQL Shell 8.0\bin\;C:\Users\kestu\scoop\shims;C:\Users\kestu\AppData\Local\Microsoft\WindowsApps;C:\Users\kestu\AppData\Local\Programs\Microsoft VS Code\bin;C:\Users\kestu\AppData\Local\GitHubDesktop\bin;C:\Program Files\JetBrains\IntelliJ IDEA Community Edition 2023.1.4\bin;;C:\Users\kestu\.dotnet\tools;C:\Users\kestu\AppData\Roaming\Composer\vendor\bin;C:\Users\kestu\AppData\Local\Muse Hub\lib;C:\Users\kestu\AppData\Roaming\npm;C:\Users\kestu\AppData\Local\nvm;C:\nvm4w\nodejs;D:\Program Files\JetBrains\IntelliJ IDEA 2025.3\bin;D:\Program Files\JetBrains\PhpStorm 2025.3.1\bin;D:\Program Files\JetBrains\CLion 2025.3.1\bin;C:\Users\kestu\.lmstudio\bin;D:\Program Files\JetBrains\IntelliJ IDEA Community Edition 2025.3.3\bin;C:\Users\kestu\AppData\Local\Microsoft\WinGet\Links;
USERNAME=kestu
OS=Windows_NT
PROCESSOR_IDENTIFIER=Intel64 Family 6 Model 94 Stepping 3, GenuineIntel
TMP=C:\Users\kestu\AppData\Local\Temp
TEMP=C:\Users\kestu\AppData\Local\Temp




Periodic native trim disabled

---------------  S Y S T E M  ---------------

OS:
 Windows 10 , 64 bit Build 19041 (10.0.19041.6807)
OS uptime: 1 days 23:37 hours

CPU: total 8 (initial active 8) (4 cores per cpu, 2 threads per core) family 6 model 94 stepping 3 microcode 0xcc, cx8, cmov, fxsr, ht, mmx, 3dnowpref, sse, sse2, sse3, ssse3, sse4.1, sse4.2, popcnt, lzcnt, tsc, tscinvbit, avx, avx2, aes, erms, clmul, bmi1, bmi2, rtm, adx, fma, vzeroupper, clflush, clflushopt, rdtscp, f16c
Processor Information for all 8 processors :
  Max Mhz: 4001, Current Mhz: 4001, Mhz Limit: 4001

Memory: 4k page, system-wide physical 32708M (14847M free)
TotalPageFile size 130981M (AvailPageFile size 338M)
current process WorkingSet (physical memory assigned to process): 11M, peak: 11M
current process commit charge ("private bytes"): 60M, peak: 572M

vm_info: OpenJDK 64-Bit Server VM (21.0.2+13-58) for windows-amd64 JRE (21.0.2+13-58), built on 2024-01-05T18:32:24Z by "mach5one" with MS VC++ 17.1 (VS2022)

END.
